Info: *******************************************************************
Info: Running Quartus Prime Shell
    Info: Version 19.2.0 Build 57 06/24/2019 Patches 0.01rc SJ Pro Edition
    Info: Copyright (C) 2019  Intel Corporation. All rights reserved.
    Info: Your use of Intel Corporation's design tools, logic functions 
    Info: and other software and tools, and any partner logic 
    Info: functions, and any output files from any of the foregoing 
    Info: (including device programming or simulation files), and any 
    Info: associated documentation or information are expressly subject 
    Info: to the terms and conditions of the Intel Program License 
    Info: Subscription Agreement, the Intel Quartus Prime License Agreement,
    Info: the Intel FPGA IP License Agreement, or other applicable license
    Info: agreement, including, without limitation, that your use is for
    Info: the sole purpose of programming logic devices manufactured by
    Info: Intel and sold by Intel or its authorized distributors.  Please
    Info: refer to the applicable agreement for further details, at
    Info: https://fpgasoftware.intel.com/eula.
    Info: Processing started: Sun Jun  4 07:38:38 2023
Info: Command: quartus_sh -t scripts/import_opencl_kernel.tcl
Info: Using INI file /home/u192806/A10_OPENCL_AFU/hello_world/bin/hello_world_fpga/build/quartus.ini
importing: ../reports
importing: ../hello_world_fpga_sys.v
importing: ../kernel_hdl
importing: ../hello_world_fpga.v
importing: ../sys_description.hex
importing: ../opencl.ipx
importing: ../quartuserr.tmp
importing: ../hello_world_fpga_sys_hw.tcl
importing: ../hello_world_fpga.bc.xml
importing: ../llc.err
importing: ../automigration.rpt
importing: ../autodiscovery.xml
importing: ../kernel_system.qip
importing: ../hello_world_fpga.log
importing: ../cra_ring_rom.params
importing: ../quartus_sh_compile.log
importing: ../ip_include.tcl
importing: ../kernel_system.v
importing: ../sys_description.txt
importing: ../compiler_metrics.out
importing: ../sys_description.legend.txt
Info (23030): Evaluation of Tcl script scripts/import_opencl_kernel.tcl was successful
Info: Quartus Prime Shell was successful. 0 errors, 0 warnings
    Info: Peak virtual memory: 1001 megabytes
    Info: Processing ended: Sun Jun  4 07:38:39 2023
    Info: Elapsed time: 00:00:01
Info: *******************************************************************
Info: Running Quartus Prime Shell
    Info: Version 19.2.0 Build 57 06/24/2019 Patches 0.01rc SJ Pro Edition
    Info: Copyright (C) 2019  Intel Corporation. All rights reserved.
    Info: Your use of Intel Corporation's design tools, logic functions 
    Info: and other software and tools, and any partner logic 
    Info: functions, and any output files from any of the foregoing 
    Info: (including device programming or simulation files), and any 
    Info: associated documentation or information are expressly subject 
    Info: to the terms and conditions of the Intel Program License 
    Info: Subscription Agreement, the Intel Quartus Prime License Agreement,
    Info: the Intel FPGA IP License Agreement, or other applicable license
    Info: agreement, including, without limitation, that your use is for
    Info: the sole purpose of programming logic devices manufactured by
    Info: Intel and sold by Intel or its authorized distributors.  Please
    Info: refer to the applicable agreement for further details, at
    Info: https://fpgasoftware.intel.com/eula.
    Info: Processing started: Sun Jun  4 07:38:40 2023
Info: Command: quartus_sh -t add_bbb_to_pr_project.tcl
Info: Using INI file /home/u192806/A10_OPENCL_AFU/hello_world/bin/hello_world_fpga/build/quartus.ini
Critical Warning (125091): Tcl error: couldn't read file "a10_hpr_floorplan.qsf": no such file or directory
    while executing
"source a10_hpr_floorplan.qsf"
    (file "afu_ip_gt.qsf" line 61)
Error (125080): Can't open project -- Quartus Prime Settings File contains one or more errors
Error (23035): Tcl error: ERROR: You must open a project before you can use this command.

    while executing
"set_global_assignment -name SEARCH_PATH $CCIP_AVMM_SRC/hw/rtl"
    (file "./BBB_ccip_avmm/hw/par/ccip_avmm_addenda.qsf" line 14)
    invoked from within
"source "$CCIP_AVMM_SRC/hw/par/ccip_avmm_addenda.qsf""
    (procedure "add_bbb_assignments" line 4)
    invoked from within
"add_bbb_assignments"
    (file "add_bbb_to_pr_project.tcl" line 30)
Error (23031): Evaluation of Tcl script add_bbb_to_pr_project.tcl unsuccessful
Error: Quartus Prime Shell was unsuccessful. 3 errors, 1 warning
    Error: Peak virtual memory: 1129 megabytes
    Error: Processing ended: Sun Jun  4 07:38:41 2023
    Error: Elapsed time: 00:00:01
***************************************************************
Quartus is a registered trademark of Intel Corporation in the
US and other countries.  Portions of the Quartus Prime software
code, and other portions of the code included in this download
or on this DVD, are licensed to Intel Corporation and are the
copyrighted property of third parties. For license details,
refer to the End User License Agreement at
http://fpgasoftware.intel.com/eula.
***************************************************************

***************************************************************
Quartus is a registered trademark of Intel Corporation in the
US and other countries.  Portions of the Quartus Prime software
code, and other portions of the code included in this download
or on this DVD, are licensed to Intel Corporation and are the
copyrighted property of third parties. For license details,
refer to the End User License Agreement at
http://fpgasoftware.intel.com/eula.
***************************************************************

Info: *******************************************************************
Info: Running Quartus Prime Shell
    Info: Version 19.2.0 Build 57 06/24/2019 Patches 0.01rc SJ Pro Edition
    Info: Copyright (C) 2019  Intel Corporation. All rights reserved.
    Info: Your use of Intel Corporation's design tools, logic functions 
    Info: and other software and tools, and any partner logic 
    Info: functions, and any output files from any of the foregoing 
    Info: (including device programming or simulation files), and any 
    Info: associated documentation or information are expressly subject 
    Info: to the terms and conditions of the Intel Program License 
    Info: Subscription Agreement, the Intel Quartus Prime License Agreement,
    Info: the Intel FPGA IP License Agreement, or other applicable license
    Info: agreement, including, without limitation, that your use is for
    Info: the sole purpose of programming logic devices manufactured by
    Info: Intel and sold by Intel or its authorized distributors.  Please
    Info: refer to the applicable agreement for further details, at
    Info: https://fpgasoftware.intel.com/eula.
    Info: Processing started: Sun Jun  4 07:38:31 2023
Info: Command: quartus_sh -t build/entry.tcl default
Info: Quartus(args): default
Info: Using INI file /home/u192806/A10_OPENCL_AFU/hello_world/bin/hello_world_fpga/quartus.ini
Info: Compiling revision default
Error (23035): Tcl error: 
    while executing
"qexec "bash build/run.sh $revision_name""
    ("default" arm line 9)
    invoked from within
"switch $tcl_platform(platform) {
  windows {
    post_message -type error "Full compiles to generate hardware for the FPGA are available on supported ..."
    (file "build/entry.tcl" line 20)
Error (23031): Evaluation of Tcl script build/entry.tcl unsuccessful
Error: Quartus Prime Shell was unsuccessful. 2 errors, 0 warnings
    Error: Peak virtual memory: 1006 megabytes
    Error: Processing ended: Sun Jun  4 07:39:18 2023
    Error: Elapsed time: 00:00:47
