Info: *******************************************************************
Info: Running Quartus Prime Shell
    Info: Version 19.2.0 Build 57 06/24/2019 Patches 0.01rc SJ Pro Edition
    Info: Copyright (C) 2019  Intel Corporation. All rights reserved.
    Info: Your use of Intel Corporation's design tools, logic functions 
    Info: and other software and tools, and any partner logic 
    Info: functions, and any output files from any of the foregoing 
    Info: (including device programming or simulation files), and any 
    Info: associated documentation or information are expressly subject 
    Info: to the terms and conditions of the Intel Program License 
    Info: Subscription Agreement, the Intel Quartus Prime License Agreement,
    Info: the Intel FPGA IP License Agreement, or other applicable license
    Info: agreement, including, without limitation, that your use is for
    Info: the sole purpose of programming logic devices manufactured by
    Info: Intel and sold by Intel or its authorized distributors.  Please
    Info: refer to the applicable agreement for further details, at
    Info: https://fpgasoftware.intel.com/eula.
    Info: Processing started: Sat Jun  5 10:57:10 2021
Info: Command: quartus_sh -t /glob/development-tools/versions/fpgasupportstack/a10/1.2.1/intelFPGA_pro/hld/share/lib/tcl/quartus_compile_report.tcl aoc dcp afu_default /home/u76112/zhw/A10_OPENCL_AFU/bin/hello_world_fpga/reports/lib/json/quartus.json 0 293 10000 293.08 hello_world,0
Info: Quartus(args): aoc dcp afu_default /home/u76112/zhw/A10_OPENCL_AFU/bin/hello_world_fpga/reports/lib/json/quartus.json 0 293 10000 293.08 hello_world,0
Info: Using INI file /home/u76112/zhw/A10_OPENCL_AFU/bin/hello_world_fpga/build/quartus.ini
Info: Arria 10
Info: Full compile
Info (23030): Evaluation of Tcl script /glob/development-tools/versions/fpgasupportstack/a10/1.2.1/intelFPGA_pro/hld/share/lib/tcl/quartus_compile_report.tcl was successful
Info: Quartus Prime Shell was successful. 0 errors, 0 warnings
    Info: Peak virtual memory: 1133 megabytes
    Info: Processing ended: Sat Jun  5 10:57:11 2021
    Info: Elapsed time: 00:00:01
